Log file open, 10/09/18 17:56:44
LogWindows: Failed to load 'aqProf.dll' (GetLastError=126)
LogWindows: File 'aqProf.dll' does not exist
LogWindows: Failed to load 'VSPerf140.dll' (GetLastError=126)
LogWindows: File 'VSPerf140.dll' does not exist
LogWindows: Failed to load 'VtuneApi.dll' (GetLastError=126)
LogWindows: File 'VtuneApi.dll' does not exist
LogWindows: Failed to load 'VtuneApi32e.dll' (GetLastError=126)
LogWindows: File 'VtuneApi32e.dll' does not exist
LogInit: Display: Running engine for game: takenbadmod
LogPlatformFile: Not using cached read wrapper
LogTaskGraph: Started task graph with 5 named threads and 14 total threads with 3 sets of task threads.
LogStats: Stats thread started at 0.760531
LogD3D11RHI: Loaded GFSDK_Aftermath_Lib.x64.dll
LogICUInternationalization: Display: ICU TimeZone Detection - Raw Offset: +1:00, Platform Override: ''
LogPluginManager: Mounting plugin Paper2D
LogPluginManager: Mounting plugin AISupport
LogPluginManager: Mounting plugin LightPropagationVolume
LogPluginManager: Mounting plugin CLionSourceCodeAccess
LogPluginManager: Mounting plugin CodeLiteSourceCodeAccess
LogPluginManager: Mounting plugin GitSourceControl
LogPluginManager: Mounting plugin KDevelopSourceCodeAccess
LogPluginManager: Mounting plugin NullSourceCodeAccess
LogPluginManager: Mounting plugin PerforceSourceControl
LogPluginManager: Mounting plugin SubversionSourceControl
LogPluginManager: Mounting plugin UObjectPlugin
LogPluginManager: Mounting plugin VisualStudioCodeSourceCodeAccess
LogPluginManager: Mounting plugin VisualStudioSourceCodeAccess
LogPluginManager: Mounting plugin XCodeSourceCodeAccess
LogPluginManager: Mounting plugin AssetManagerEditor
LogPluginManager: Mounting plugin CryptoKeys
LogPluginManager: Mounting plugin DataValidation
LogPluginManager: Mounting plugin FacialAnimation
LogPluginManager: Mounting plugin GameplayTagsEditor
LogPluginManager: Mounting plugin MacGraphicsSwitching
LogPluginManager: Mounting plugin MeshEditor
LogPluginManager: Mounting plugin MobileLauncherProfileWizard
LogPluginManager: Mounting plugin PluginBrowser
LogPluginManager: Mounting plugin SpeedTreeImporter
LogPluginManager: Mounting plugin DatasmithContent
LogPluginManager: Mounting plugin AlembicImporter
LogPluginManager: Mounting plugin AppleImageUtils
LogPluginManager: Mounting plugin AppleVision
LogPluginManager: Mounting plugin BackChannel
LogPluginManager: Mounting plugin CharacterAI
LogPluginManager: Mounting plugin GeometryCache
LogPluginManager: Mounting plugin HTML5Networking
LogPluginManager: Mounting plugin ProxyLODPlugin
LogPluginManager: Mounting plugin MagicLeap
LogPluginManager: Mounting plugin MagicLeapEmulator
LogPluginManager: Mounting plugin MagicLeapMedia
LogPluginManager: Mounting plugin AndroidMedia
LogPluginManager: Mounting plugin AvfMedia
LogPluginManager: Mounting plugin ImgMedia
LogPluginManager: Mounting plugin LinearTimecode
LogPluginManager: Mounting plugin MediaCompositing
LogPluginManager: Mounting plugin MediaPlayerEditor
LogPluginManager: Mounting plugin WmfMedia
LogPluginManager: Mounting plugin TcpMessaging
LogPluginManager: Mounting plugin UdpMessaging
LogPluginManager: Mounting plugin ActorSequence
LogPluginManager: Mounting plugin LevelSequenceEditor
LogPluginManager: Mounting plugin MatineeToLevelSequence
LogPluginManager: Mounting plugin NetcodeUnitTest
LogPluginManager: Mounting plugin NUTUnrealEngine4
LogPluginManager: Mounting plugin OnlineSubsystemGooglePlay
LogPluginManager: Mounting plugin OnlineSubsystemIOS
LogPluginManager: Mounting plugin OnlineSubsystem
LogPluginManager: Mounting plugin OnlineSubsystemNull
LogPluginManager: Mounting plugin OnlineSubsystemUtils
LogPluginManager: Mounting plugin LauncherChunkInstaller
LogPluginManager: Mounting plugin AndroidDeviceProfileSelector
LogPluginManager: Mounting plugin AndroidMoviePlayer
LogPluginManager: Mounting plugin AndroidPermission
LogPluginManager: Mounting plugin AppleMoviePlayer
LogPluginManager: Mounting plugin ArchVisCharacter
LogPluginManager: Mounting plugin AudioCapture
LogPluginManager: Mounting plugin CableComponent
LogPluginManager: Mounting plugin CustomMeshComponent
LogPluginManager: Mounting plugin EditableMesh
LogPluginManager: Mounting plugin ExampleDeviceProfileSelector
LogPluginManager: Mounting plugin GoogleCloudMessaging
LogPluginManager: Mounting plugin ImmediatePhysics
LogPluginManager: Mounting plugin IOSDeviceProfileSelector
LogPluginManager: Mounting plugin LinuxDeviceProfileSelector
LogPluginManager: Mounting plugin LocationServicesBPLibrary
LogPluginManager: Mounting plugin MobilePatchingUtils
LogPluginManager: Mounting plugin OculusVR
LogPluginManager: Plugin shader directory ../../../Engine/Plugins/Runtime/Oculus/OculusVR/Shaders found
LogPluginManager: Mapping shader source directory ../../../Engine/Plugins/Runtime/Oculus/OculusVR/Shaders to virtual directory /Plugin/OculusVR
LogPluginManager: Mounting plugin PhysXVehicles
LogPluginManager: Mounting plugin ProceduralMeshComponent
LogPluginManager: Mounting plugin RuntimePhysXCooking
LogPluginManager: Mounting plugin SteamVR
LogPluginManager: Mounting plugin WindowsMoviePlayer
LogStreaming: Display: Took  0.405s to configure plugins.
LogInit: Using libcurl 7.55.1-DEV
LogInit:  - built for x86_64-pc-win32
LogInit:  - supports SSL with OpenSSL/1.0.2h
LogInit:  - supports HTTP deflate (compression) using libz 1.2.8
LogInit:  - other features:
LogInit:      CURL_VERSION_SSL
LogInit:      CURL_VERSION_LIBZ
LogInit:      CURL_VERSION_IPV6
LogInit:      CURL_VERSION_ASYNCHDNS
LogInit:      CURL_VERSION_LARGEFILE
LogInit:      CURL_VERSION_IDN
LogInit:  CurlRequestOptions (configurable via config and command line):
LogInit:  - bVerifyPeer = false  - Libcurl will NOT verify peer certificate
LogInit:  - bUseHttpProxy = false  - Libcurl will NOT use HTTP proxy
LogInit:  - bDontReuseConnections = false  - Libcurl will reuse connections
LogInit:  - CertBundlePath = nullptr  - Libcurl will use whatever was configured at build time.
LogInit:  - MaxHostConnections = 16  - Libcurl will limit the number of connections to a host
LogInit:  - LocalHostAddr = Default
LogInit:  - BufferSize = 65536
LogInit: WinSock: version 1.1 (2.2), MaxSocks=32767, MaxUdp=65467
LogInit: Build: ++UE4+Release-4.20-CL-4369336
LogInit: Engine Version: 4.20.3-4369336+++UE4+Release-4.20
LogInit: Compatible Engine Version: 4.20.0-4212847+++UE4+Release-4.20
LogInit: Net CL: 4212847
LogInit: OS: Windows 8.1 (), CPU: AMD A10-7300 Radeon R6, 10 Compute Cores 4C+6G , GPU: AMD Radeon(TM) R6 Graphics
LogInit: Compiled (64-bit): Sep 17 2018 12:26:19
LogInit: Compiled with Visual C++: 19.13.26129.00
LogInit: Build Configuration: Development
LogInit: Branch Name: ++UE4+Release-4.20
LogInit: Command Line:  
LogInit: Base Directory: C:/Program Files/Epic Games/UE_4.20/Engine/Binaries/Win64/
LogInit: Installed Engine Build: 1
LogDevObjectVersion: Number of dev versions registered: 20
LogDevObjectVersion:   Dev-Blueprints (B0D832E4-1F89-4F0D-ACCF-7EB736FD4AA2): 10
LogDevObjectVersion:   Dev-Build (E1C64328-A22C-4D53-A36C-8E866417BD8C): 0
LogDevObjectVersion:   Dev-Core (375EC13C-06E4-48FB-B500-84F0262A717E): 2
LogDevObjectVersion:   Dev-Editor (E4B068ED-F494-42E9-A231-DA0B2E46BB41): 24
LogDevObjectVersion:   Dev-Framework (CFFC743F-43B0-4480-9391-14DF171D2073): 34
LogDevObjectVersion:   Dev-Mobile (B02B49B5-BB20-44E9-A304-32B752E40360): 2
LogDevObjectVersion:   Dev-Networking (A4E4105C-59A1-49B5-A7C5-40C4547EDFEE): 0
LogDevObjectVersion:   Dev-Online (39C831C9-5AE6-47DC-9A44-9C173E1C8E7C): 0
LogDevObjectVersion:   Dev-Physics (78F01B33-EBEA-4F98-B9B4-84EACCB95AA2): 0
LogDevObjectVersion:   Dev-Platform (6631380F-2D4D-43E0-8009-CF276956A95A): 0
LogDevObjectVersion:   Dev-Rendering (12F88B9F-8875-4AFC-A67C-D90C383ABD29): 26
LogDevObjectVersion:   Dev-Sequencer (7B5AE74C-D270-4C10-A958-57980B212A5A): 9
LogDevObjectVersion:   Dev-VR (D7296918-1DD6-4BDD-9DE2-64A83CC13884): 2
LogDevObjectVersion:   Dev-LoadTimes (C2A15278-BFE7-4AFE-6C17-90FF531DF755): 1
LogDevObjectVersion:   Private-Geometry (6EACA3D4-40EC-4CC1-B786-8BED09428FC5): 3
LogDevObjectVersion:   Dev-AnimPhys (29E575DD-E0A3-4627-9D10-D276232CDCEA): 17
LogDevObjectVersion:   Dev-ReflectionCapture (6B266CEC-1EC7-4B8F-A30B-E4D90942FC07): 1
LogDevObjectVersion:   Dev-Automation (0DF73D61-A23F-47EA-B727-89E90C41499A): 1
LogDevObjectVersion:   FortniteMain (601D1886-AC64-4F84-AA16-D3DE0DEAC7D6): 12
LogDevObjectVersion:   Dev-Enterprise (9DFFBCD6-494F-0158-E221-12823C92A888): 1
LogStreaming: Display: Took  0.001s to delete old logs.
LogInit: Presizing for max 8388607 objects, including 0 objects not considered by GC, pre-allocating 0 bytes for permanent pool.
LogInit: Object subsystem initialized
[2018.10.09-15.56.48:572][  0]LogInit: Selected Device Profile: [Windows]
[2018.10.09-15.56.48:572][  0]LogInit: Applying CVar settings loaded from the selected device profile: [Windows]
[2018.10.09-15.56.48:747][  0]LogHAL: Display: Platform has ~ 15 GB [16049774592 / 17179869184 / 15], which maps to Larger [LargestMinGB=32, LargerMinGB=12, DefaultMinGB=8, SmallerMinGB=6, SmallestMinGB=0)
[2018.10.09-15.56.48:748][  0]LogInit: Setting Device Profile CVar: [[r.Vulkan.UseRealUBs:1]]
[2018.10.09-15.56.48:748][  0]LogInit: Going up to parent DeviceProfile []
[2018.10.09-15.56.48:764][  0]LogInit: Computer: ENKISIRIO
[2018.10.09-15.56.48:764][  0]LogInit: User: enki
[2018.10.09-15.56.48:764][  0]LogInit: CPU Page size=4096, Cores=4
[2018.10.09-15.56.48:764][  0]LogInit: High frequency timer resolution =1.852017 MHz
[2018.10.09-15.56.48:766][  0]LogMemory: Memory total: Physical=14.9GB (15GB approx)
[2018.10.09-15.56.48:766][  0]LogMemory: Platform Memory Stats for Windows
[2018.10.09-15.56.48:766][  0]LogMemory: Process Physical Memory: 97.23 MB used, 97.23 MB peak
[2018.10.09-15.56.48:766][  0]LogMemory: Process Virtual Memory: 82.57 MB used, 82.57 MB peak
[2018.10.09-15.56.48:766][  0]LogMemory: Physical Memory: 8590.30 MB used,  6715.96 MB free, 15306.26 MB total
[2018.10.09-15.56.48:766][  0]LogMemory: Virtual Memory: 472.54 MB used,  6715.96 MB free, 134217728.00 MB total
[2018.10.09-15.56.49:943][  0]LogInit: Using OS detected language (es-ES).
[2018.10.09-15.56.49:943][  0]LogInit: Using OS detected locale (es-ES).
[2018.10.09-15.56.49:945][  0]LogTextLocalizationManager: No specific localization for 'es-ES' exists, so the 'es' localization will be used.
[2018.10.09-15.56.52:542][  0]LogStreaming: Display: Took  2.600s to InitEngineTextLocalization.
[2018.10.09-15.56.52:543][  0]LogInit: Setting process to per monitor DPI aware
[2018.10.09-15.56.52:832][  0]LogSlate: New Slate User Created.  User Index 0, Is Virtual User: 0
[2018.10.09-15.56.52:832][  0]LogSlate: Slate User Registered.  User Index 0, Is Virtual User: 0
[2018.10.09-15.57.01:166][  0]LogHMD: Failed to initialize OpenVR with code 110
[2018.10.09-15.57.01:166][  0]LogD3D11RHI: D3D11 adapters:
[2018.10.09-15.57.01:342][  0]LogD3D11RHI:    0. 'AMD Radeon(TM) R6 Graphics' (Feature Level 11_0)
[2018.10.09-15.57.01:343][  0]LogD3D11RHI:       1002/0/7424 MB DedicatedVideo/DedicatedSystem/SharedSystem, Outputs:1, VendorId:0x1002
[2018.10.09-15.57.01:352][  0]LogD3D11RHI:    1. 'Microsoft Basic Render Driver' (Feature Level 11_0)
[2018.10.09-15.57.01:352][  0]LogD3D11RHI:       0/0/256 MB DedicatedVideo/DedicatedSystem/SharedSystem, Outputs:0, VendorId:0x1414
[2018.10.09-15.57.01:353][  0]LogD3D11RHI: Chosen D3D11 Adapter: 0
[2018.10.09-15.57.01:391][  0]LogD3D11RHI: Creating new Direct3DDevice
[2018.10.09-15.57.01:391][  0]LogD3D11RHI:     GPU DeviceId: 0x130a (for the marketing name, search the web for "GPU Device Id")
[2018.10.09-15.57.01:392][  0]LogWindows: EnumDisplayDevices:
[2018.10.09-15.57.01:392][  0]LogWindows:    0. 'AMD Radeon(TM) R6 Graphics' (P:1 D:1)
[2018.10.09-15.57.01:396][  0]LogWindows:    1. 'AMD Radeon(TM) R6 Graphics' (P:0 D:0)
[2018.10.09-15.57.01:401][  0]LogWindows:    2. 'AMD Radeon(TM) R6 Graphics' (P:0 D:0)
[2018.10.09-15.57.01:403][  0]LogWindows:    3. 'AMD Radeon(TM) R6 Graphics' (P:0 D:0)
[2018.10.09-15.57.01:405][  0]LogWindows: DebugString: FoundDriverCount:4 
[2018.10.09-15.57.01:405][  0]LogD3D11RHI:     Adapter Name: AMD Radeon(TM) R6 Graphics
[2018.10.09-15.57.01:405][  0]LogD3D11RHI:   Driver Version: 13.351.1002.1002 (internal:13.351.1002.1002, unified:13.351.1002.1002)
[2018.10.09-15.57.01:405][  0]LogD3D11RHI:      Driver Date: 4-1-2014
[2018.10.09-15.57.01:406][  0]LogRHI: Texture pool is 701 MB (70% of 1002 MB)
[2018.10.09-15.57.01:553][  0]LogD3D11RHI: Async texture creation enabled
[2018.10.09-15.57.01:611][  0]LogD3D11RHI: GPU Timing Frequency: 100.000000 (Debug: 2 1)
[2018.10.09-15.57.11:084][  0]LogWindowsTextInputMethodSystem: Display: IME system now deactivated.
[2018.10.09-15.57.11:086][  0]LogShaderCompilers: Guid format shader working directory is -27 characters bigger than the processId version (../../../../../../Users/enki/Documents/GitHub/taken-bad-mood/takenbadmod/Intermediate/Shaders/WorkingDirectory/8416/).
[2018.10.09-15.57.11:087][  0]LogShaderCompilers: Cleaned the shader compiler working directory 'C:/Users/enki/AppData/Local/Temp/UnrealShaderWorkingDir/97FCD308432B8EA2F89E10BAD493FF3B/'.
[2018.10.09-15.57.13:624][  0]LogTemp: Display: Loaded TP AllDesktopTargetPlatform
[2018.10.09-15.57.13:742][  0]LogTemp: Display: Loaded TP MacClientTargetPlatform
[2018.10.09-15.57.13:834][  0]LogTemp: Display: Loaded TP MacNoEditorTargetPlatform
[2018.10.09-15.57.13:993][  0]LogTemp: Display: Loaded TP MacServerTargetPlatform
[2018.10.09-15.57.14:284][  0]LogTemp: Display: Loaded TP MacTargetPlatform
[2018.10.09-15.57.14:569][  0]LogTemp: Display: Loaded TP WindowsClientTargetPlatform
[2018.10.09-15.57.14:663][  0]LogTemp: Display: Loaded TP WindowsNoEditorTargetPlatform
[2018.10.09-15.57.14:745][  0]LogTemp: Display: Loaded TP WindowsServerTargetPlatform
[2018.10.09-15.57.14:819][  0]LogTemp: Display: Loaded TP WindowsTargetPlatform
[2018.10.09-15.57.15:181][  0]LogTemp: Display: Loaded TP AndroidTargetPlatform
[2018.10.09-15.57.15:181][  0]LogTemp: Display: Loaded TP AndroidTargetPlatform
[2018.10.09-15.57.15:181][  0]LogTemp: Display: Loaded TP AndroidTargetPlatform
[2018.10.09-15.57.15:181][  0]LogTemp: Display: Loaded TP AndroidTargetPlatform
[2018.10.09-15.57.15:181][  0]LogTemp: Display: Loaded TP AndroidTargetPlatform
[2018.10.09-15.57.15:181][  0]LogTemp: Display: Loaded TP AndroidTargetPlatform
[2018.10.09-15.57.15:181][  0]LogTemp: Display: Loaded TP AndroidTargetPlatform
[2018.10.09-15.57.15:181][  0]LogTemp: Display: Loaded TP AndroidTargetPlatform
[2018.10.09-15.57.15:181][  0]LogTemp: Display: Loaded TP AndroidTargetPlatform
[2018.10.09-15.57.15:181][  0]LogTemp: Display: Loaded TP AndroidTargetPlatform
[2018.10.09-15.57.15:181][  0]LogTemp: Display: Loaded TP AndroidTargetPlatform
[2018.10.09-15.57.15:182][  0]LogTemp: Display: Loaded TP AndroidTargetPlatform
[2018.10.09-15.57.15:182][  0]LogTemp: Display: Loaded TP AndroidTargetPlatform
[2018.10.09-15.57.15:182][  0]LogTemp: Display: Loaded TP AndroidTargetPlatform
[2018.10.09-15.57.15:182][  0]LogTemp: Display: Loaded TP AndroidTargetPlatform
[2018.10.09-15.57.15:182][  0]LogTemp: Display: Loaded TP AndroidTargetPlatform
[2018.10.09-15.57.15:182][  0]LogTemp: Display: Loaded TP AndroidTargetPlatform
[2018.10.09-15.57.15:182][  0]LogTemp: Display: Loaded TP AndroidTargetPlatform
[2018.10.09-15.57.15:384][  0]LogTemp: Display: Loaded TP HTML5TargetPlatform
[2018.10.09-15.57.15:726][  0]LogTemp: Display: Loaded TP IOSTargetPlatform
[2018.10.09-15.57.15:726][  0]LogTemp: Display: Loaded TP IOSTargetPlatform
[2018.10.09-15.57.15:873][  0]LogTemp: Display: Loaded TP TVOSTargetPlatform
[2018.10.09-15.57.15:873][  0]LogTemp: Display: Loaded TP TVOSTargetPlatform
[2018.10.09-15.57.16:052][  0]LogTemp: Display: Loaded TP LinuxClientTargetPlatform
[2018.10.09-15.57.16:156][  0]LogTemp: Display: Loaded TP LinuxNoEditorTargetPlatform
[2018.10.09-15.57.16:386][  0]LogTemp: Display: Loaded TP LinuxServerTargetPlatform
[2018.10.09-15.57.16:501][  0]LogTemp: Display: Loaded TP LinuxTargetPlatform
[2018.10.09-15.57.16:596][  0]LogTemp: Display: Loaded TP LuminTargetPlatform
[2018.10.09-15.57.16:596][  0]LogTargetPlatformManager: Display: Building Assets For Windows
[2018.10.09-15.57.19:067][  0]LogXGEController: Cannot use XGE Controller as Incredibuild is not installed on this machine.
[2018.10.09-15.57.19:067][  0]LogShaderCompilers: Cannot use XGE Shader Compiler as Incredibuild is not installed on this machine.
[2018.10.09-15.57.19:067][  0]LogShaderCompilers: Display: Using Local Shader Compiler.
[2018.10.09-15.57.26:896][  0]LogDerivedDataCache: Display: Max Cache Size: 512 MB
[2018.10.09-15.57.28:717][  0]LogDerivedDataCache: Loaded boot cache 1.82s 87MB C:/Users/enki/AppData/Local/UnrealEngine/4.20/DerivedDataCache/Boot.ddc.
[2018.10.09-15.57.28:719][  0]LogDerivedDataCache: Display: Loaded Boot cache: C:/Users/enki/AppData/Local/UnrealEngine/4.20/DerivedDataCache/Boot.ddc
[2018.10.09-15.57.28:719][  0]LogDerivedDataCache: FDerivedDataBackendGraph:  Pak pak cache file ../../../../../../Users/enki/Documents/GitHub/taken-bad-mood/takenbadmod/DerivedDataCache/DDC.ddp not found, will not use a pak cache.
[2018.10.09-15.57.28:719][  0]LogDerivedDataCache: Unable to find inner node Pak for hierarchical cache Hierarchy.
[2018.10.09-15.57.28:719][  0]LogDerivedDataCache: FDerivedDataBackendGraph:  CompressedPak pak cache file ../../../../../../Users/enki/Documents/GitHub/taken-bad-mood/takenbadmod/DerivedDataCache/Compressed.ddp not found, will not use a pak cache.
[2018.10.09-15.57.28:719][  0]LogDerivedDataCache: Unable to find inner node CompressedPak for hierarchical cache Hierarchy.
[2018.10.09-15.57.28:785][  0]LogDerivedDataCache: Display: Pak cache opened for reading ../../../Engine/DerivedDataCache/Compressed.ddp.
[2018.10.09-15.57.28:799][  0]LogDerivedDataCache: Using Local data cache path C:/Users/enki/AppData/Local/UnrealEngine/Common/DerivedDataCache: Writable
[2018.10.09-15.57.28:799][  0]LogDerivedDataCache: Shared data cache path not found in *engine.ini, will not use an Shared cache.
[2018.10.09-15.57.28:799][  0]LogDerivedDataCache: Unable to find inner node Shared for hierarchical cache Hierarchy.
[2018.10.09-15.57.28:882][  0]LogMaterial: Verifying Global Shaders for PCD3D_SM5
[2018.10.09-15.57.28:886][  0]LogSlate: Using FreeType 2.6.0
[2018.10.09-15.57.28:963][  0]LogSlate: SlateFontServices - WITH_FREETYPE: 1, WITH_HARFBUZZ: 1
[2018.10.09-15.57.31:236][  0]LogAssetRegistry: FAssetRegistry took 0.0375 seconds to start up
[2018.10.09-15.57.32:477][  0]LogInit: Selected Device Profile: [Windows]
[2018.10.09-15.57.33:722][  0]LogSimplygon: Simplygon DLL not present - disabling.
[2018.10.09-15.57.33:868][  0]LogMeshReduction: Using SimplygonSwarm for distributed automatic mesh merging
[2018.10.09-15.57.33:868][  0]LogMeshReduction: Using ProxyLODMeshReduction for automatic mesh merging
[2018.10.09-15.57.33:868][  0]LogMeshReduction: Using QuadricMeshReduction for automatic static mesh reduction
[2018.10.09-15.57.33:868][  0]LogMeshReduction: No automatic skeletal mesh reduction module available
[2018.10.09-15.57.33:954][  0]LogNetVersion: takenbadmod 1.0.0, NetCL: 4212847, EngineNetVer: 5, GameNetVer: 0 (Checksum: 2321404187)
[2018.10.09-15.57.36:565][  0]LogPackageLocalizationCache: Processed 11 localized package path(s) for 2 prioritized culture(s) in 0.320236 seconds
[2018.10.09-15.57.36:583][  0]LogUObjectArray: 38425 objects as part of root set at end of initial load.
[2018.10.09-15.57.36:583][  0]LogUObjectAllocator: 6690872 out of 0 bytes used by permanent object pool.
[2018.10.09-15.57.36:583][  0]LogUObjectArray: CloseDisregardForGC: 0/0 objects in disregard for GC pool
[2018.10.09-15.58.07:721][  0]LogTcpMessaging: Initializing TcpMessaging bridge
[2018.10.09-15.58.07:787][  0]LogUdpMessaging: Initializing bridge on interface 0.0.0.0:0 to multicast group 230.0.0.1:6666.
[2018.10.09-15.58.09:633][  0]SourceControl: El control de código fuente está desactivado
[2018.10.09-15.58.09:633][  0]SourceControl: El control de código fuente está desactivado
[2018.10.09-15.58.09:789][  0]SourceControl: El control de código fuente está desactivado
[2018.10.09-15.58.09:880][  0]SourceControl: El control de código fuente está desactivado
[2018.10.09-15.58.13:230][  0]LogAndroidPermission: UAndroidPermissionCallbackProxy::GetInstance
[2018.10.09-15.58.14:128][  0]LogOcInput: OculusInput pre-init called
[2018.10.09-15.58.14:640][  0]LogEngine: Initializing Engine...
[2018.10.09-15.58.14:641][  0]LogHMD: Failed to initialize OpenVR with code 110
[2018.10.09-15.58.14:646][  0]LogStats: UGameplayTagsManager::ConstructGameplayTagTree: ImportINI prefixes -  0.000 s
[2018.10.09-15.58.14:646][  0]LogStats: UGameplayTagsManager::ConstructGameplayTagTree: Construct from data asset -  0.000 s
[2018.10.09-15.58.14:646][  0]LogStats: UGameplayTagsManager::ConstructGameplayTagTree: ImportINI -  0.000 s
[2018.10.09-15.58.14:646][  0]LogStats: UGameplayTagsManager::ConstructGameplayTagTree: GameplayTagTreeChangedEvent.Broadcast -  0.000 s
[2018.10.09-15.58.15:672][  0]LogInit: Initializing FReadOnlyCVARCache
[2018.10.09-15.58.15:764][  0]LogAIModule: Creating AISystem for world Untitled
[2018.10.09-15.58.15:779][  0]LogInit: XAudio2 using 'Altavoces (Realtek High Definition Audio)' : 2 channels at 48 kHz using 32 bits per sample (channel mask 0x3)
[2018.10.09-15.58.15:800][  0]LogInit: FAudioDevice initialized.
[2018.10.09-15.58.15:801][  0]LogNetVersion: Set ProjectVersion to 1.0.0.0. Version Checksum will be recalculated on next use.
[2018.10.09-15.58.16:119][  0]LogDerivedDataCache: Saved boot cache 0.32s 87MB C:/Users/enki/AppData/Local/UnrealEngine/4.20/DerivedDataCache/Boot.ddc.
[2018.10.09-15.58.16:151][  0]LogInit: Texture streaming: Enabled
[2018.10.09-15.58.16:834][  0]LogEngineSessionManager: EngineSessionManager initialized
[2018.10.09-15.58.16:902][  0]LogInit: Transaction tracking system initialized
[2018.10.09-15.58.17:220][  0]BlueprintLog: New page: Cargar el editor
[2018.10.09-15.58.19:073][  0]LocalizationService: Localization service is disabled
[2018.10.09-15.58.21:320][  0]LogCook: Display: Max memory allowance for cook 16384mb min free memory 0mb
[2018.10.09-15.58.21:321][  0]LogCook: Display: Mobile HDR setting 1
[2018.10.09-15.58.21:321][  0]LogGameplayTags: Display: UGameplayTagsManager::DoneAddingNativeTags. DelegateIsBound: 0
[2018.10.09-15.58.21:321][  0]LogStats: UGameplayTagsManager::ConstructGameplayTagTree: ImportINI prefixes -  0.000 s
[2018.10.09-15.58.21:321][  0]LogStats: UGameplayTagsManager::ConstructGameplayTagTree: Construct from data asset -  0.000 s
[2018.10.09-15.58.21:321][  0]LogStats: UGameplayTagsManager::ConstructGameplayTagTree: ImportINI -  0.000 s
[2018.10.09-15.58.21:321][  0]LogStats: UGameplayTagsManager::ConstructGameplayTagTree: GameplayTagTreeChangedEvent.Broadcast -  0.000 s
[2018.10.09-15.58.22:590][  0]LogFileCache: Scanning file cache for directory 'C:/Users/enki/Documents/GitHub/taken-bad-mood/takenbadmod/Content/' took 0.02s
[2018.10.09-15.58.23:842][  0]SourceControl: El control de código fuente está desactivado
[2018.10.09-15.58.23:842][  0]Cmd: MAP LOAD FILE="../../../../../../Users/enki/Documents/GitHub/taken-bad-mood/takenbadmod/Content/ThirdPersonBP/Maps/ThirdPersonExampleMap.umap" TEMPLATE=0 SHOWPROGRESS=1 FEATURELEVEL=3
[2018.10.09-15.58.23:843][  0]LightingResults: New page: Diseñar la iluminación
[2018.10.09-15.58.23:849][  0]MapCheck: New page: Revisión del mapa
[2018.10.09-15.58.23:850][  0]LightingResults: New page: Diseñar la iluminación
[2018.10.09-15.58.25:891][  0]LogAIModule: Creating AISystem for world ThirdPersonExampleMap
[2018.10.09-15.58.25:938][  0]LogEditorServer: Finished looking for orphan Actors (0.000 secs)
[2018.10.09-15.58.26:049][  0]Cmd: MAP CHECKDEP NOCLEARLOG
[2018.10.09-15.58.26:237][  0]MapCheck: Map check complete: 0 Error(s), 0 Warning(s), took 187,791ms to complete.
[2018.10.09-15.58.26:237][  0]LogFileHelpers: Loading map 'ThirdPersonExampleMap' took 2.396
[2018.10.09-15.58.26:467][  0]LogSlate: Updating window title bar state: overlay mode, drag disabled, window buttons hidden, title bar hidden
[2018.10.09-15.58.26:492][  0]LogSlate: Updating window title bar state: overlay mode, drag disabled, window buttons hidden, title bar hidden
[2018.10.09-15.58.26:515][  0]LogSlate: Updating window title bar state: overlay mode, drag disabled, window buttons hidden, title bar hidden
[2018.10.09-15.58.26:538][  0]LogSlate: Updating window title bar state: overlay mode, drag disabled, window buttons hidden, title bar hidden
[2018.10.09-15.58.26:630][  0]LogCollectionManager: Loaded 0 collections in 0.004287 seconds
[2018.10.09-15.58.26:684][  0]LogFileCache: Scanning file cache for directory 'C:/Users/enki/Documents/GitHub/taken-bad-mood/takenbadmod/Saved/Collections/' took 0.01s
[2018.10.09-15.58.26:684][  0]LogFileCache: Scanning file cache for directory 'C:/Users/enki/Documents/GitHub/taken-bad-mood/takenbadmod/Content/Developers/enki/Collections/' took 0.01s
[2018.10.09-15.58.26:684][  0]LogFileCache: Scanning file cache for directory 'C:/Users/enki/Documents/GitHub/taken-bad-mood/takenbadmod/Content/Collections/' took 0.01s
[2018.10.09-15.58.26:684][  0]LogCollectionManager: Rebuilt the GUID cache for 0 collections in 0.000001 seconds
[2018.10.09-15.58.26:718][  0]LogContentBrowser: Native class hierarchy populated in 0.0335 seconds. Added 2572 classes and 603 folders.
[2018.10.09-15.58.26:743][  0]LogContentBrowser: Native class hierarchy updated for 'WidgetCarousel' in 0.0009 seconds. Added 0 classes and 0 folders.
[2018.10.09-15.58.28:353][  0]LogContentBrowser: Native class hierarchy updated for 'AddContentDialog' in 0.0006 seconds. Added 0 classes and 0 folders.
[2018.10.09-15.58.28:432][  0]LogContentBrowser: Native class hierarchy updated for 'SceneOutliner' in 0.0006 seconds. Added 1 classes and 2 folders.
[2018.10.09-15.58.28:707][  0]LogSlate: Took 0.052289 seconds to synchronously load lazily loaded font '../../../Engine/Content/Slate/Fonts/Roboto-Regular.ttf' (155K)
[2018.10.09-15.58.28:731][  0]LogSlate: Took 0.018754 seconds to synchronously load lazily loaded font '../../../Engine/Content/Slate/Fonts/Roboto-Bold.ttf' (160K)
[2018.10.09-15.58.28:770][  0]LogSlate: Took 0.022848 seconds to synchronously load lazily loaded font '../../../Engine/Content/Editor/Slate/Fonts/FontAwesome.ttf' (139K)
[2018.10.09-15.58.29:094][  0]LogRenderer: Reallocating scene render targets to support 856x396 Format 9 NumSamples 1 (Frame:1).
[2018.10.09-15.58.30:484][  0]LogContentBrowser: Native class hierarchy updated for 'HierarchicalLODOutliner' in 0.0007 seconds. Added 0 classes and 0 folders.
[2018.10.09-15.58.30:485][  0]LogLoad: (Engine Initialization) Total time: 113.22 seconds
[2018.10.09-15.58.30:485][  0]LogLoad: (Engine Initialization) Total Blueprint compile time: 0.00 seconds
[2018.10.09-15.58.30:498][  0]LogWindowsTextInputMethodSystem: Display: IME system now deactivated.
[2018.10.09-15.58.30:528][  0]LogContentStreaming: Texture pool size now 800 MB
[2018.10.09-15.58.30:686][  0]LogSlate: Took 0.026426 seconds to synchronously load lazily loaded font '../../../Engine/Content/Slate/Fonts/Roboto-Light.ttf' (167K)
[2018.10.09-15.58.31:370][  5]LogAssetRegistry: Asset discovery search completed in 60.1567 seconds
[2018.10.09-15.58.31:377][  5]LogCollectionManager: Rebuilt the object cache for 0 collections in 0.000002 seconds (found 0 objects)
[2018.10.09-15.58.31:377][  5]LogCollectionManager: Fixed up redirectors for 0 collections in 0.000406 seconds (updated 0 objects)
[2018.10.09-15.59.09:517][192]LogSlate: FSceneViewport::OnFocusLost() reason 2
[2018.10.09-17.37.58:054][322]LogSlate: FSceneViewport::OnFocusLost() reason 0
[2018.10.09-17.41.48:040][210]LogSlate: FSceneViewport::OnFocusLost() reason 0
[2018.10.09-17.41.48:165][214]LogTemp: Repeating last play command: Selected Viewport
[2018.10.09-17.41.48:223][214]LogBlueprintUserMessages: Early PlayInEditor Detection: Level '/Game/ThirdPersonBP/Maps/ThirdPersonExampleMap.ThirdPersonExampleMap:PersistentLevel' has LevelScriptBlueprint '/Game/ThirdPersonBP/Maps/ThirdPersonExampleMap.ThirdPersonExampleMap:PersistentLevel.ThirdPersonExampleMap' with GeneratedClass '/Game/ThirdPersonBP/Maps/ThirdPersonExampleMap.ThirdPersonExampleMap_C' with ClassGeneratedBy '/Game/ThirdPersonBP/Maps/ThirdPersonExampleMap.ThirdPersonExampleMap:PersistentLevel.ThirdPersonExampleMap'
[2018.10.09-17.41.48:224][214]LogPlayLevel: PlayLevel: No blueprints needed recompiling
[2018.10.09-17.41.48:240][214]PIE: New page: Sesión PIE (reproducción en el editor): ThirdPersonExampleMap (9/10/2018 21:41:48)
[2018.10.09-17.41.48:241][214]LogPlayLevel: Creating play world package: /Game/ThirdPersonBP/Maps/UEDPIE_0_ThirdPersonExampleMap
[2018.10.09-17.41.48:394][214]LogPlayLevel: PIE: StaticDuplicateObject took: (0.153636s)
[2018.10.09-17.41.48:398][214]LogAIModule: Creating AISystem for world ThirdPersonExampleMap
[2018.10.09-17.41.48:399][214]LogPlayLevel: PIE: World Init took: (0.004066s)
[2018.10.09-17.41.48:399][214]LogPlayLevel: PIE: Created PIE world by copying editor world from /Game/ThirdPersonBP/Maps/ThirdPersonExampleMap.ThirdPersonExampleMap to /Game/ThirdPersonBP/Maps/UEDPIE_0_ThirdPersonExampleMap.ThirdPersonExampleMap (0.158512s)
[2018.10.09-17.41.48:519][214]LogInit: XAudio2 using 'Altavoces (Realtek High Definition Audio)' : 2 channels at 48 kHz using 32 bits per sample (channel mask 0x3)
[2018.10.09-17.41.48:535][214]LogInit: FAudioDevice initialized.
[2018.10.09-17.41.48:604][214]LogLoad: Game class is 'ThirdPersonGameMode_C'
[2018.10.09-17.41.48:614][214]LogWorld: Bringing World /Game/ThirdPersonBP/Maps/UEDPIE_0_ThirdPersonExampleMap.ThirdPersonExampleMap up for play (max tick rate 60) at 2018.10.09-19.41.48
[2018.10.09-17.41.48:615][214]LogWorld: Bringing up level for play took: 0.005901
[2018.10.09-17.41.48:642][214]LogContentBrowser: Native class hierarchy updated for 'MovieSceneCapture' in 0.0008 seconds. Added 10 classes and 0 folders.
[2018.10.09-17.41.48:644][214]PIE: Tiempo de inicio de la reproducción en el editor para  /Game/ThirdPersonBP/Maps/UEDPIE_0_ThirdPersonExampleMap 0,591
[2018.10.09-17.41.48:644][214]LogBlueprintUserMessages: Late PlayInEditor Detection: Level '/Game/ThirdPersonBP/Maps/ThirdPersonExampleMap.ThirdPersonExampleMap:PersistentLevel' has LevelScriptBlueprint '/Game/ThirdPersonBP/Maps/ThirdPersonExampleMap.ThirdPersonExampleMap:PersistentLevel.ThirdPersonExampleMap' with GeneratedClass '/Game/ThirdPersonBP/Maps/ThirdPersonExampleMap.ThirdPersonExampleMap_C' with ClassGeneratedBy '/Game/ThirdPersonBP/Maps/ThirdPersonExampleMap.ThirdPersonExampleMap:PersistentLevel.ThirdPersonExampleMap'
[2018.10.09-17.41.54:627][378]LogBlueprintUserMessages: Early EndPlayMap Detection: Level '/Game/ThirdPersonBP/Maps/ThirdPersonExampleMap.ThirdPersonExampleMap:PersistentLevel' has LevelScriptBlueprint '/Game/ThirdPersonBP/Maps/ThirdPersonExampleMap.ThirdPersonExampleMap:PersistentLevel.ThirdPersonExampleMap' with GeneratedClass '/Game/ThirdPersonBP/Maps/ThirdPersonExampleMap.ThirdPersonExampleMap_C' with ClassGeneratedBy '/Game/ThirdPersonBP/Maps/ThirdPersonExampleMap.ThirdPersonExampleMap:PersistentLevel.ThirdPersonExampleMap'
[2018.10.09-17.41.54:628][378]LogSlate: Updating window title bar state: overlay mode, drag disabled, window buttons hidden, title bar hidden
[2018.10.09-17.41.54:720][378]LogPlayLevel: Display: Shutting down PIE online subsystems
[2018.10.09-17.41.54:721][378]LogBlueprintUserMessages: Late EndPlayMap Detection: Level '/Game/ThirdPersonBP/Maps/ThirdPersonExampleMap.ThirdPersonExampleMap:PersistentLevel' has LevelScriptBlueprint '/Game/ThirdPersonBP/Maps/ThirdPersonExampleMap.ThirdPersonExampleMap:PersistentLevel.ThirdPersonExampleMap' with GeneratedClass '/Game/ThirdPersonBP/Maps/ThirdPersonExampleMap.ThirdPersonExampleMap_C' with ClassGeneratedBy '/Game/ThirdPersonBP/Maps/ThirdPersonExampleMap.ThirdPersonExampleMap:PersistentLevel.ThirdPersonExampleMap'
[2018.10.09-17.41.54:868][378]LogSlate: Updating window title bar state: overlay mode, drag disabled, window buttons hidden, title bar hidden
[2018.10.09-17.41.54:926][379]LogPlayLevel: Display: Destroying online subsystem :Context_1
[2018.10.09-17.41.56:845][421]LogSlate: FSceneViewport::OnFocusLost() reason 0
[2018.10.09-17.46.28:090][866]LogUProjectInfo: Found projects:
[2018.10.09-17.50.36:685][115]LogSlate: Window 'Open Project' being destroyed
[2018.10.09-17.50.39:879][181]LogTemp: Repeating last play command: Selected Viewport
[2018.10.09-17.50.39:968][181]LogBlueprintUserMessages: Early PlayInEditor Detection: Level '/Game/ThirdPersonBP/Maps/ThirdPersonExampleMap.ThirdPersonExampleMap:PersistentLevel' has LevelScriptBlueprint '/Game/ThirdPersonBP/Maps/ThirdPersonExampleMap.ThirdPersonExampleMap:PersistentLevel.ThirdPersonExampleMap' with GeneratedClass '/Game/ThirdPersonBP/Maps/ThirdPersonExampleMap.ThirdPersonExampleMap_C' with ClassGeneratedBy '/Game/ThirdPersonBP/Maps/ThirdPersonExampleMap.ThirdPersonExampleMap:PersistentLevel.ThirdPersonExampleMap'
[2018.10.09-17.50.39:969][181]LogPlayLevel: PlayLevel: No blueprints needed recompiling
[2018.10.09-17.50.39:969][181]PIE: New page: Sesión PIE (reproducción en el editor): ThirdPersonExampleMap (9/10/2018 21:50:39)
[2018.10.09-17.50.39:969][181]LogPlayLevel: Creating play world package: /Game/ThirdPersonBP/Maps/UEDPIE_0_ThirdPersonExampleMap
[2018.10.09-17.50.40:019][181]LogPlayLevel: PIE: StaticDuplicateObject took: (0.049151s)
[2018.10.09-17.50.40:020][181]LogAIModule: Creating AISystem for world ThirdPersonExampleMap
[2018.10.09-17.50.40:021][181]LogPlayLevel: PIE: World Init took: (0.002177s)
[2018.10.09-17.50.40:021][181]LogPlayLevel: PIE: Created PIE world by copying editor world from /Game/ThirdPersonBP/Maps/ThirdPersonExampleMap.ThirdPersonExampleMap to /Game/ThirdPersonBP/Maps/UEDPIE_0_ThirdPersonExampleMap.ThirdPersonExampleMap (0.051803s)
[2018.10.09-17.50.40:124][181]LogInit: XAudio2 using 'Altavoces (Realtek High Definition Audio)' : 2 channels at 48 kHz using 32 bits per sample (channel mask 0x3)
[2018.10.09-17.50.40:142][181]LogInit: FAudioDevice initialized.
[2018.10.09-17.50.40:185][181]LogLoad: Game class is 'ThirdPersonGameMode_C'
[2018.10.09-17.50.40:192][181]LogWorld: Bringing World /Game/ThirdPersonBP/Maps/UEDPIE_0_ThirdPersonExampleMap.ThirdPersonExampleMap up for play (max tick rate 60) at 2018.10.09-19.50.40
[2018.10.09-17.50.40:193][181]LogWorld: Bringing up level for play took: 0.006296
[2018.10.09-17.50.40:208][181]PIE: Tiempo de inicio de la reproducción en el editor para  /Game/ThirdPersonBP/Maps/UEDPIE_0_ThirdPersonExampleMap 0,155
[2018.10.09-17.50.40:209][181]LogBlueprintUserMessages: Late PlayInEditor Detection: Level '/Game/ThirdPersonBP/Maps/ThirdPersonExampleMap.ThirdPersonExampleMap:PersistentLevel' has LevelScriptBlueprint '/Game/ThirdPersonBP/Maps/ThirdPersonExampleMap.ThirdPersonExampleMap:PersistentLevel.ThirdPersonExampleMap' with GeneratedClass '/Game/ThirdPersonBP/Maps/ThirdPersonExampleMap.ThirdPersonExampleMap_C' with ClassGeneratedBy '/Game/ThirdPersonBP/Maps/ThirdPersonExampleMap.ThirdPersonExampleMap:PersistentLevel.ThirdPersonExampleMap'
[2018.10.09-17.50.45:725][336]LogBlueprintUserMessages: Early EndPlayMap Detection: Level '/Game/ThirdPersonBP/Maps/ThirdPersonExampleMap.ThirdPersonExampleMap:PersistentLevel' has LevelScriptBlueprint '/Game/ThirdPersonBP/Maps/ThirdPersonExampleMap.ThirdPersonExampleMap:PersistentLevel.ThirdPersonExampleMap' with GeneratedClass '/Game/ThirdPersonBP/Maps/ThirdPersonExampleMap.ThirdPersonExampleMap_C' with ClassGeneratedBy '/Game/ThirdPersonBP/Maps/ThirdPersonExampleMap.ThirdPersonExampleMap:PersistentLevel.ThirdPersonExampleMap'
[2018.10.09-17.50.45:725][336]LogSlate: Updating window title bar state: overlay mode, drag disabled, window buttons hidden, title bar hidden
[2018.10.09-17.50.45:800][336]LogPlayLevel: Display: Shutting down PIE online subsystems
[2018.10.09-17.50.45:801][336]LogBlueprintUserMessages: Late EndPlayMap Detection: Level '/Game/ThirdPersonBP/Maps/ThirdPersonExampleMap.ThirdPersonExampleMap:PersistentLevel' has LevelScriptBlueprint '/Game/ThirdPersonBP/Maps/ThirdPersonExampleMap.ThirdPersonExampleMap:PersistentLevel.ThirdPersonExampleMap' with GeneratedClass '/Game/ThirdPersonBP/Maps/ThirdPersonExampleMap.ThirdPersonExampleMap_C' with ClassGeneratedBy '/Game/ThirdPersonBP/Maps/ThirdPersonExampleMap.ThirdPersonExampleMap:PersistentLevel.ThirdPersonExampleMap'
[2018.10.09-17.50.45:939][336]LogSlate: Updating window title bar state: overlay mode, drag disabled, window buttons hidden, title bar hidden
[2018.10.09-17.50.45:995][337]LogPlayLevel: Display: Destroying online subsystem :Context_2
[2018.10.09-17.50.50:332][403]LogSlate: FSceneViewport::OnFocusLost() reason 0
